<?xml version="1.0" encoding="UTF-8"?>
<testsuite name="com.arrayProducts.arrayProducts.ArrayProductsApplicationTests" tests="5" skipped="0" failures="0" errors="0" timestamp="2022-01-31T21:09:45" hostname="NTBK-TECH1070" time="0.49">
  <properties/>
  <testcase name="obtenerProductoPorId()" classname="com.arrayProducts.arrayProducts.ArrayProductsApplicationTests" time="0.44"/>
  <testcase name="crearProducto()" classname="com.arrayProducts.arrayProducts.ArrayProductsApplicationTests" time="0.017"/>
  <testcase name="obtenerTodosLosProductos()" classname="com.arrayProducts.arrayProducts.ArrayProductsApplicationTests" time="0.01"/>
  <testcase name="obtenerTodosLosProductosHttp()" classname="com.arrayProducts.arrayProducts.ArrayProductsApplicationTests" time="0.012"/>
  <testcase name="obtenerProductoPorIdHttp()" classname="com.arrayProducts.arrayProducts.ArrayProductsApplicationTests" time="0.006"/>
  <system-out><![CDATA[18:09:43.266 [Test worker] DEBUG org.springframework.test.context.BootstrapUtils - Instantiating CacheAwareContextLoaderDelegate from class [org.springframework.test.context.cache.DefaultCacheAwareContextLoaderDelegate]
18:09:43.273 [Test worker] DEBUG org.springframework.test.context.BootstrapUtils - Instantiating BootstrapContext using constructor [public org.springframework.test.context.support.DefaultBootstrapContext(java.lang.Class,org.springframework.test.context.CacheAwareContextLoaderDelegate)]
18:09:43.299 [Test worker] DEBUG org.springframework.test.context.BootstrapUtils - Instantiating TestContextBootstrapper for test class [com.arrayProducts.arrayProducts.ArrayProductsApplicationTests] from class [org.springframework.boot.test.context.SpringBootTestContextBootstrapper]
18:09:43.306 [Test worker] INFO org.springframework.boot.test.context.SpringBootTestContextBootstrapper - Neither @ContextConfiguration nor @ContextHierarchy found for test class [com.arrayProducts.arrayProducts.ArrayProductsApplicationTests], using SpringBootContextLoader
18:09:43.308 [Test worker] DEBUG org.springframework.test.context.support.AbstractContextLoader - Did not detect default resource location for test class [com.arrayProducts.arrayProducts.ArrayProductsApplicationTests]: class path resource [com/arrayProducts/arrayProducts/ArrayProductsApplicationTests-context.xml] does not exist
18:09:43.309 [Test worker] DEBUG org.springframework.test.context.support.AbstractContextLoader - Did not detect default resource location for test class [com.arrayProducts.arrayProducts.ArrayProductsApplicationTests]: class path resource [com/arrayProducts/arrayProducts/ArrayProductsApplicationTestsContext.groovy] does not exist
18:09:43.309 [Test worker] INFO org.springframework.test.context.support.AbstractContextLoader - Could not detect default resource locations for test class [com.arrayProducts.arrayProducts.ArrayProductsApplicationTests]: no resource found for suffixes {-context.xml, Context.groovy}.
18:09:43.310 [Test worker] INFO org.springframework.test.context.support.AnnotationConfigContextLoaderUtils - Could not detect default configuration classes for test class [com.arrayProducts.arrayProducts.ArrayProductsApplicationTests]: ArrayProductsApplicationTests does not declare any static, non-private, non-final, nested classes annotated with @Configuration.
18:09:43.342 [Test worker] DEBUG org.springframework.test.context.support.ActiveProfilesUtils - Could not find an 'annotation declaring class' for annotation type [org.springframework.test.context.ActiveProfiles] and class [com.arrayProducts.arrayProducts.ArrayProductsApplicationTests]
18:09:43.388 [Test worker] DEBUG org.springframework.context.annotation.ClassPathScanningCandidateComponentProvider - Identified candidate component class: file [/home/ltarsia/Descargas/Backend/(15) Test/build/classes/java/main/com/arrayProducts/arrayProducts/ArrayProductsApplication.class]
18:09:43.388 [Test worker] INFO org.springframework.boot.test.context.SpringBootTestContextBootstrapper - Found @SpringBootConfiguration com.arrayProducts.arrayProducts.ArrayProductsApplication for test class com.arrayProducts.arrayProducts.ArrayProductsApplicationTests
18:09:43.445 [Test worker] DEBUG org.springframework.boot.test.context.SpringBootTestContextBootstrapper - @TestExecutionListeners is not present for class [com.arrayProducts.arrayProducts.ArrayProductsApplicationTests]: using defaults.
18:09:43.446 [Test worker] INFO org.springframework.boot.test.context.SpringBootTestContextBootstrapper - Loaded default TestExecutionListener class names from location [META-INF/spring.factories]: [org.springframework.boot.test.autoconfigure.restdocs.RestDocsTestExecutionListener, org.springframework.boot.test.autoconfigure.web.client.MockRestServiceServerResetTestExecutionListener, org.springframework.boot.test.autoconfigure.web.servlet.MockMvcPrintOnlyOnFailureTestExecutionListener, org.springframework.boot.test.autoconfigure.web.servlet.WebDriverTestExecutionListener, org.springframework.boot.test.autoconfigure.webservices.client.MockWebServiceServerTestExecutionListener, org.springframework.boot.test.mock.mockito.MockitoTestExecutionListener, org.springframework.boot.test.mock.mockito.ResetMocksTestExecutionListener, org.springframework.test.context.web.ServletTestExecutionListener, org.springframework.test.context.support.DirtiesContextBeforeModesTestExecutionListener, org.springframework.test.context.event.ApplicationEventsTestExecutionListener, org.springframework.test.context.support.DependencyInjectionTestExecutionListener, org.springframework.test.context.support.DirtiesContextTestExecutionListener, org.springframework.test.context.transaction.TransactionalTestExecutionListener, org.springframework.test.context.jdbc.SqlScriptsTestExecutionListener, org.springframework.test.context.event.EventPublishingTestExecutionListener]
18:09:43.452 [Test worker] DEBUG org.springframework.boot.test.context.SpringBootTestContextBootstrapper - Skipping candidate TestExecutionListener [org.springframework.test.context.transaction.TransactionalTestExecutionListener] due to a missing dependency. Specify custom listener classes or make the default listener classes and their required dependencies available. Offending class: [org/springframework/transaction/interceptor/TransactionAttributeSource]
18:09:43.452 [Test worker] DEBUG org.springframework.boot.test.context.SpringBootTestContextBootstrapper - Skipping candidate TestExecutionListener [org.springframework.test.context.jdbc.SqlScriptsTestExecutionListener] due to a missing dependency. Specify custom listener classes or make the default listener classes and their required dependencies available. Offending class: [org/springframework/transaction/interceptor/TransactionAttribute]
18:09:43.453 [Test worker] INFO org.springframework.boot.test.context.SpringBootTestContextBootstrapper - Using TestExecutionListeners: [org.springframework.test.context.web.ServletTestExecutionListener@6f8f9349, org.springframework.test.context.support.DirtiesContextBeforeModesTestExecutionListener@75c9e76b, org.springframework.test.context.event.ApplicationEventsTestExecutionListener@7446d8d5, org.springframework.boot.test.mock.mockito.MockitoTestExecutionListener@5c3b6c6e, org.springframework.boot.test.autoconfigure.SpringBootDependencyInjectionTestExecutionListener@4fbda97b, org.springframework.test.context.support.DirtiesContextTestExecutionListener@75f5fd58, org.springframework.test.context.event.EventPublishingTestExecutionListener@37b70343, org.springframework.boot.test.autoconfigure.restdocs.RestDocsTestExecutionListener@306851c7, org.springframework.boot.test.autoconfigure.web.client.MockRestServiceServerResetTestExecutionListener@12bcd0c0, org.springframework.boot.test.autoconfigure.web.servlet.MockMvcPrintOnlyOnFailureTestExecutionListener@4879f0f2, org.springframework.boot.test.autoconfigure.web.servlet.WebDriverTestExecutionListener@47db5fa5, org.springframework.boot.test.autoconfigure.webservices.client.MockWebServiceServerTestExecutionListener@354fc8f0, org.springframework.boot.test.mock.mockito.ResetMocksTestExecutionListener@41813449]
18:09:43.455 [Test worker] DEBUG org.springframework.test.context.support.AbstractDirtiesContextTestExecutionListener - Before test class: context [DefaultTestContext@435871cb testClass = ArrayProductsApplicationTests, testInstance = [null], testMethod = [null], testException = [null], mergedContextConfiguration = [WebMergedContextConfiguration@609640d5 testClass = ArrayProductsApplicationTests, locations = '{}', classes = '{class com.arrayProducts.arrayProducts.ArrayProductsApplication}', contextInitializerClasses = '[]', activeProfiles = '{}', propertySourceLocations = '{}', propertySourceProperties = '{org.springframework.boot.test.context.SpringBootTestContextBootstrapper=true, server.port=0}', contextCustomizers = set[org.springframework.boot.test.autoconfigure.actuate.metrics.MetricsExportContextCustomizerFactory$DisableMetricExportContextCustomizer@5ddcc487, org.springframework.boot.test.autoconfigure.properties.PropertyMappingContextCustomizer@0, org.springframework.boot.test.autoconfigure.web.servlet.WebDriverContextCustomizerFactory$Customizer@1fb669c3, org.springframework.boot.test.context.filter.ExcludeFilterContextCustomizer@68df9280, org.springframework.boot.test.json.DuplicateJsonObjectContextCustomizerFactory$DuplicateJsonObjectContextCustomizer@4f3bbf68, org.springframework.boot.test.mock.mockito.MockitoContextCustomizer@0, org.springframework.boot.test.web.client.TestRestTemplateContextCustomizer@6cc558c6, org.springframework.boot.test.context.SpringBootTestArgs@1, org.springframework.boot.test.context.SpringBootTestWebEnvironment@399c4be1], resourceBasePath = 'src/main/webapp', contextLoader = 'org.springframework.boot.test.context.SpringBootContextLoader', parent = [null]], attributes = map['org.springframework.test.context.web.ServletTestExecutionListener.activateListener' -> false]], class annotated with @DirtiesContext [false] with mode [null].
18:09:43.483 [Test worker] INFO com.arrayProducts.arrayProducts.ArrayProductsApplicationTests - Finalizó la ejecución de los tests. La misma duró 0 ms
18:09:43.580 [Test worker] DEBUG org.springframework.test.context.support.DependencyInjectionTestExecutionListener - Performing dependency injection for test context [[DefaultTestContext@435871cb testClass = ArrayProductsApplicationTests, testInstance = com.arrayProducts.arrayProducts.ArrayProductsApplicationTests@70eecdc2, testMethod = [null], testException = [null], mergedContextConfiguration = [WebMergedContextConfiguration@609640d5 testClass = ArrayProductsApplicationTests, locations = '{}', classes = '{class com.arrayProducts.arrayProducts.ArrayProductsApplication}', contextInitializerClasses = '[]', activeProfiles = '{}', propertySourceLocations = '{}', propertySourceProperties = '{org.springframework.boot.test.context.SpringBootTestContextBootstrapper=true, server.port=0}', contextCustomizers = set[org.springframework.boot.test.autoconfigure.actuate.metrics.MetricsExportContextCustomizerFactory$DisableMetricExportContextCustomizer@5ddcc487, org.springframework.boot.test.autoconfigure.properties.PropertyMappingContextCustomizer@0, org.springframework.boot.test.autoconfigure.web.servlet.WebDriverContextCustomizerFactory$Customizer@1fb669c3, org.springframework.boot.test.context.filter.ExcludeFilterContextCustomizer@68df9280, org.springframework.boot.test.json.DuplicateJsonObjectContextCustomizerFactory$DuplicateJsonObjectContextCustomizer@4f3bbf68, org.springframework.boot.test.mock.mockito.MockitoContextCustomizer@0, org.springframework.boot.test.web.client.TestRestTemplateContextCustomizer@6cc558c6, org.springframework.boot.test.context.SpringBootTestArgs@1, org.springframework.boot.test.context.SpringBootTestWebEnvironment@399c4be1], resourceBasePath = 'src/main/webapp', contextLoader = 'org.springframework.boot.test.context.SpringBootContextLoader', parent = [null]], attributes = map['org.springframework.test.context.web.ServletTestExecutionListener.activateListener' -> false, 'org.springframework.test.context.event.ApplicationEventsTestExecutionListener.recordApplicationEvents' -> false]]].
18:09:43.598 [Test worker] DEBUG org.springframework.boot.ApplicationServletEnvironment - Activating profiles []
18:09:43.599 [Test worker] DEBUG org.springframework.test.context.support.TestPropertySourceUtils - Adding inlined properties to environment: {spring.jmx.enabled=false, org.springframework.boot.test.context.SpringBootTestContextBootstrapper=true, server.port=0}

  .   ____          _            __ _ _
 /\\ / ___'_ __ _ _(_)_ __  __ _ \ \ \ \
( ( )\___ | '_ | '_| | '_ \/ _` | \ \ \ \
 \\/  ___)| |_)| | | | | || (_| |  ) ) ) )
  '  |____| .__|_| |_|_| |_\__, | / / / /
 =========|_|==============|___/=/_/_/_/
 :: Spring Boot ::                (v2.6.2)

2022-01-31 18:09:43.776  INFO 11130 --- [    Test worker] c.a.a.ArrayProductsApplicationTests      : Starting ArrayProductsApplicationTests using Java 17.0.1 on NTBK-TECH1070 with PID 11130 (started by ltarsia in /home/ltarsia/Descargas/Backend/(15) Test)
2022-01-31 18:09:43.777  INFO 11130 --- [    Test worker] c.a.a.ArrayProductsApplicationTests      : No active profile set, falling back to default profiles: default
2022-01-31 18:09:44.474  INFO 11130 --- [    Test worker] o.s.b.w.embedded.tomcat.TomcatWebServer  : Tomcat initialized with port(s): 0 (http)
2022-01-31 18:09:44.482  INFO 11130 --- [    Test worker] o.apache.catalina.core.StandardService   : Starting service [Tomcat]
2022-01-31 18:09:44.482  INFO 11130 --- [    Test worker] org.apache.catalina.core.StandardEngine  : Starting Servlet engine: [Apache Tomcat/9.0.56]
2022-01-31 18:09:44.534  INFO 11130 --- [    Test worker] o.a.c.c.C.[Tomcat].[localhost].[/]       : Initializing Spring embedded WebApplicationContext
2022-01-31 18:09:44.535  INFO 11130 --- [    Test worker] w.s.c.ServletWebServerApplicationContext : Root WebApplicationContext: initialization completed in 741 ms
2022-01-31 18:09:45.169  INFO 11130 --- [    Test worker] o.s.b.w.embedded.tomcat.TomcatWebServer  : Tomcat started on port(s): 43675 (http) with context path ''
2022-01-31 18:09:45.179  INFO 11130 --- [    Test worker] c.a.a.ArrayProductsApplicationTests      : Started ArrayProductsApplicationTests in 1.58 seconds (JVM running for 2.475)
2022-01-31 18:09:45.481  INFO 11130 --- [    Test worker] c.a.a.ArrayProductsApplicationTests      : Inicio del test
2022-01-31 18:09:45.574  INFO 11130 --- [o-auto-1-exec-1] o.a.c.c.C.[Tomcat].[localhost].[/]       : Initializing Spring DispatcherServlet 'dispatcherServlet'
2022-01-31 18:09:45.574  INFO 11130 --- [o-auto-1-exec-1] o.s.web.servlet.DispatcherServlet        : Initializing Servlet 'dispatcherServlet'
2022-01-31 18:09:45.575  INFO 11130 --- [o-auto-1-exec-1] o.s.web.servlet.DispatcherServlet        : Completed initialization in 1 ms
2022-01-31 18:09:45.632  INFO 11130 --- [    Test worker] c.a.a.ArrayProductsApplicationTests      : Inicio del test
2022-01-31 18:09:45.646  INFO 11130 --- [    Test worker] c.a.a.ArrayProductsApplicationTests      : 2
2022-01-31 18:09:45.650  INFO 11130 --- [    Test worker] c.a.a.ArrayProductsApplicationTests      : Inicio del test
2022-01-31 18:09:45.661  INFO 11130 --- [    Test worker] c.a.a.ArrayProductsApplicationTests      : Inicio del test
2022-01-31 18:09:45.674  INFO 11130 --- [    Test worker] c.a.a.ArrayProductsApplicationTests      : Inicio del test
2022-01-31 18:09:45.680  INFO 11130 --- [    Test worker] c.a.a.ArrayProductsApplicationTests      : Final del test
]]></system-out>
  <system-err><![CDATA[]]></system-err>
</testsuite>
